Start testing: Jun 07 06:27 Hora estándar de Argentina
----------------------------------------------------------
1/1 Testing: WorldSyncTests
1/1 Test: WorldSyncTests
Command: "C:/Users/Noxi-PC/open.mp-sdk/WorldSync/build/Release/WorldSyncTests.exe"
Directory: C:/Users/Noxi-PC/open.mp-sdk/WorldSync/build
"WorldSyncTests" start time: Jun 07 06:27 Hora estándar de Argentina
Output:
----------------------------------------------------------
WorldSync unit tests passed
<end of output>
Test time =   0.03 sec
----------------------------------------------------------
Test Passed.
"WorldSyncTests" end time: Jun 07 06:27 Hora estándar de Argentina
"WorldSyncTests" time elapsed: 00:00:00
----------------------------------------------------------

End testing: Jun 07 06:27 Hora estándar de Argentina
